# JRE version: Java(TM) SE Runtime Environment (8.0_121-b13) (build 1.8.0_121-b13)
# Java VM: Java HotSpot(TM) 64-Bit Server VM (25.121-b13 mixed mode windows-amd64 compressed oops)
Heap:
 PSYoungGen      total 37888K, used 4756K [0x00000000e0000000, 0x00000000e2c00000, 0x0000000100000000)
  eden space 30720K, 0% used [0x00000000e0000000,0x00000000e0000000,0x00000000e1e00000)
  from space 7168K, 66% used [0x00000000e2500000,0x00000000e29a5288,0x00000000e2c00000)
  to   space 7168K, 0% used [0x00000000e1e00000,0x00000000e1e00000,0x00000000e2500000)
 ParOldGen       total 42496K, used 8261K [0x00000000a0000000, 0x00000000a2980000, 0x00000000e0000000)
  object space 42496K, 19% used [0x00000000a0000000,0x00000000a08115d0,0x00000000a2980000)
 Metaspace       used 20773K, capacity 21166K, committed 21296K, reserved 1067008K
  class space    used 2782K, capacity 2914K, committed 2944K, reserved 1048576K
GC Heap History (10 events):
Event: 6.536 GC heap after
Heap after GC invocations=4 (full 0):
 PSYoungGen      total 18432K, used 2544K [0x00000000e0000000, 0x00000000e1480000, 0x0000000100000000)
  eden space 15872K, 0% used [0x00000000e0000000,0x00000000e0000000,0x00000000e0f80000)
  from space 2560K, 99% used [0x00000000e1200000,0x00000000e147c010,0x00000000e1480000)
  to   space 2560K, 0% used [0x00000000e0f80000,0x00000000e0f80000,0x00000000e1200000)
 ParOldGen       total 42496K, used 3467K [0x00000000a0000000, 0x00000000a2980000, 0x00000000e0000000)
  object space 42496K, 8% used [0x00000000a0000000,0x00000000a0362ea8,0x00000000a2980000)
 Metaspace       used 12028K, capacity 12390K, committed 12544K, reserved 1060864K
  class space    used 1636K, capacity 1747K, committed 1792K, reserved 1048576K
}
Event: 8.182 GC heap before
{Heap before GC invocations=5 (full 0):
 PSYoungGen      total 18432K, used 18413K [0x00000000e0000000, 0x00000000e1480000, 0x0000000100000000)
  eden space 15872K, 99% used [0x00000000e0000000,0x00000000e0f7f418,0x00000000e0f80000)
  from space 2560K, 99% used [0x00000000e1200000,0x00000000e147c010,0x00000000e1480000)
  to   space 2560K, 0% used [0x00000000e0f80000,0x00000000e0f80000,0x00000000e1200000)
 ParOldGen       total 42496K, used 3467K [0x00000000a0000000, 0x00000000a2980000, 0x00000000e0000000)
  object space 42496K, 8% used [0x00000000a0000000,0x00000000a0362ea8,0x00000000a2980000)
 Metaspace       used 16066K, capacity 16422K, committed 16640K, reserved 1062912K
  class space    used 2144K, capacity 2259K, committed 2304K, reserved 1048576K
Event: 8.195 GC heap after
Heap after GC invocations=5 (full 0):
 PSYoungGen      total 18432K, used 2544K [0x00000000e0000000, 0x00000000e1c80000, 0x0000000100000000)
  eden space 15872K, 0% used [0x00000000e0000000,0x00000000e0000000,0x00000000e0f80000)
  from space 2560K, 99% used [0x00000000e0f80000,0x00000000e11fc010,0x00000000e1200000)
  to   space 6656K, 0% used [0x00000000e1600000,0x00000000e1600000,0x00000000e1c80000)
 ParOldGen       total 42496K, used 6849K [0x00000000a0000000, 0x00000000a2980000, 0x00000000e0000000)
  object space 42496K, 16% used [0x00000000a0000000,0x00000000a06b0530,0x00000000a2980000)
 Metaspace       used 16066K, capacity 16422K, committed 16640K, reserved 1062912K
  class space    used 2144K, capacity 2259K, committed 2304K, reserved 1048576K
}
Event: 8.790 GC heap before
{Heap before GC invocations=6 (full 0):
 PSYoungGen      total 18432K, used 18416K [0x00000000e0000000, 0x00000000e1c80000, 0x0000000100000000)
  eden space 15872K, 100% used [0x00000000e0000000,0x00000000e0f80000,0x00000000e0f80000)
  from space 2560K, 99% used [0x00000000e0f80000,0x00000000e11fc010,0x00000000e1200000)
  to   space 6656K, 0% used [0x00000000e1600000,0x00000000e1600000,0x00000000e1c80000)
 ParOldGen       total 42496K, used 6849K [0x00000000a0000000, 0x00000000a2980000, 0x00000000e0000000)
  object space 42496K, 16% used [0x00000000a0000000,0x00000000a06b0530,0x00000000a2980000)
 Metaspace       used 17955K, capacity 18270K, committed 18432K, reserved 1064960K
  class space    used 2445K, capacity 2551K, committed 2560K, reserved 1048576K
Event: 8.807 GC heap after
Heap after GC invocations=6 (full 0):
 PSYoungGen      total 22016K, used 5107K [0x00000000e0000000, 0x00000000e2d00000, 0x0000000100000000)
  eden space 15360K, 0% used [0x00000000e0000000,0x00000000e0000000,0x00000000e0f00000)
  from space 6656K, 76% used [0x00000000e1600000,0x00000000e1afcd08,0x00000000e1c80000)
  to   space 7168K, 0% used [0x00000000e0f00000,0x00000000e0f00000,0x00000000e1600000)
 ParOldGen       total 42496K, used 6857K [0x00000000a0000000, 0x00000000a2980000, 0x00000000e0000000)
  object space 42496K, 16% used [0x00000000a0000000,0x00000000a06b2530,0x00000000a2980000)
 Metaspace       used 17955K, capacity 18270K, committed 18432K, reserved 1064960K
  class space    used 2445K, capacity 2551K, committed 2560K, reserved 1048576K
}
Event: 10.225 GC heap before
{Heap before GC invocations=7 (full 0):
 PSYoungGen      total 22016K, used 20467K [0x00000000e0000000, 0x00000000e2d00000, 0x0000000100000000)
  eden space 15360K, 100% used [0x00000000e0000000,0x00000000e0f00000,0x00000000e0f00000)
  from space 6656K, 76% used [0x00000000e1600000,0x00000000e1afcd08,0x00000000e1c80000)
  to   space 7168K, 0% used [0x00000000e0f00000,0x00000000e0f00000,0x00000000e1600000)
 ParOldGen       total 42496K, used 6857K [0x00000000a0000000, 0x00000000a2980000, 0x00000000e0000000)
  object space 42496K, 16% used [0x00000000a0000000,0x00000000a06b2530,0x00000000a2980000)
 Metaspace       used 19672K, capacity 20014K, committed 20224K, reserved 1067008K
  class space    used 2605K, capacity 2722K, committed 2816K, reserved 1048576K
Event: 10.238 GC heap after
Heap after GC invocations=7 (full 0):
 PSYoungGen      total 22528K, used 4722K [0x00000000e0000000, 0x00000000e2c00000, 0x0000000100000000)
  eden space 15360K, 0% used [0x00000000e0000000,0x00000000e0000000,0x00000000e0f00000)
  from space 7168K, 65% used [0x00000000e0f00000,0x00000000e139cb40,0x00000000e1600000)
  to   space 7168K, 0% used [0x00000000e2500000,0x00000000e2500000,0x00000000e2c00000)
 ParOldGen       total 42496K, used 7529K [0x00000000a0000000, 0x00000000a2980000, 0x00000000e0000000)
  object space 42496K, 17% used [0x00000000a0000000,0x00000000a075a570,0x00000000a2980000)
 Metaspace       used 19672K, capacity 20014K, committed 20224K, reserved 1067008K
  class space    used 2605K, capacity 2722K, committed 2816K, reserved 1048576K
}
Event: 10.555 GC heap before
{Heap before GC invocations=8 (full 0):
 PSYoungGen      total 22528K, used 16335K [0x00000000e0000000, 0x00000000e2c00000, 0x0000000100000000)
  eden space 15360K, 75% used [0x00000000e0000000,0x00000000e0b57468,0x00000000e0f00000)
  from space 7168K, 65% used [0x00000000e0f00000,0x00000000e139cb40,0x00000000e1600000)
  to   space 7168K, 0% used [0x00000000e2500000,0x00000000e2500000,0x00000000e2c00000)
 ParOldGen       total 42496K, used 7529K [0x00000000a0000000, 0x00000000a2980000, 0x00000000e0000000)
  object space 42496K, 17% used [0x00000000a0000000,0x00000000a075a570,0x00000000a2980000)
 Metaspace       used 20773K, capacity 21166K, committed 21296K, reserved 1067008K
  class space    used 2782K, capacity 2914K, committed 2944K, reserved 1048576K
Event: 10.571 GC heap after
Heap after GC invocations=8 (full 0):
 PSYoungGen      total 37888K, used 4756K [0x00000000e0000000, 0x00000000e2c00000, 0x0000000100000000)
  eden space 30720K, 0% used [0x00000000e0000000,0x00000000e0000000,0x00000000e1e00000)
  from space 7168K, 66% used [0x00000000e2500000,0x00000000e29a5288,0x00000000e2c00000)
  to   space 7168K, 0% used [0x00000000e1e00000,0x00000000e1e00000,0x00000000e2500000)
 ParOldGen       total 42496K, used 8261K [0x00000000a0000000, 0x00000000a2980000, 0x00000000e0000000)
  object space 42496K, 19% used [0x00000000a0000000,0x00000000a08115d0,0x00000000a2980000)
 Metaspace       used 20773K, capacity 21166K, committed 21296K, reserved 1067008K
  class space    used 2782K, capacity 2914K, committed 2944K, reserved 1048576K
}
Event: 10.571 GC heap before
{Heap before GC invocations=9 (full 1):
 PSYoungGen      total 37888K, used 4756K [0x00000000e0000000, 0x00000000e2c00000, 0x0000000100000000)
  eden space 30720K, 0% used [0x00000000e0000000,0x00000000e0000000,0x00000000e1e00000)
  from space 7168K, 66% used [0x00000000e2500000,0x00000000e29a5288,0x00000000e2c00000)
  to   space 7168K, 0% used [0x00000000e1e00000,0x00000000e1e00000,0x00000000e2500000)
 ParOldGen       total 42496K, used 8261K [0x00000000a0000000, 0x00000000a2980000, 0x00000000e0000000)
  object space 42496K, 19% used [0x00000000a0000000,0x00000000a08115d0,0x00000000a2980000)
 Metaspace       used 20773K, capacity 21166K, committed 21296K, reserved 1067008K
  class space    used 2782K, capacity 2914K, committed 2944K, reserved 1048576K

