# JRE version: Java(TM) SE Runtime Environment (8.0_121-b13) (build 1.8.0_121-b13)
# Java VM: Java HotSpot(TM) 64-Bit Server VM (25.121-b13 mixed mode windows-amd64 compressed oops)
Heap:
 PSYoungGen      total 406016K, used 406013K [0x00000000e0000000, 0x0000000100000000, 0x0000000100000000)
  eden space 374272K, 100% used [0x00000000e0000000,0x00000000f6d80000,0x00000000f6d80000)
  from space 31744K, 99% used [0x00000000f6d80000,0x00000000f8c7f540,0x00000000f8c80000)
  to   space 41472K, 99% used [0x00000000fd780000,0x00000000ffffe1c0,0x0000000100000000)
 ParOldGen       total 123392K, used 123279K [0x00000000a0000000, 0x00000000a7880000, 0x00000000e0000000)
  object space 123392K, 99% used [0x00000000a0000000,0x00000000a7863f70,0x00000000a7880000)
 Metaspace       used 71625K, capacity 74312K, committed 76800K, reserved 1116160K
  class space    used 9249K, capacity 9764K, committed 10240K, reserved 1048576K
GC Heap History (10 events):
Event: 929.850 GC heap after
Heap after GC invocations=21 (full 5):
 PSYoungGen      total 294400K, used 18422K [0x00000000e0000000, 0x00000000f4280000, 0x0000000100000000)
  eden space 275968K, 0% used [0x00000000e0000000,0x00000000e0000000,0x00000000f0d80000)
  from space 18432K, 99% used [0x00000000f2700000,0x00000000f38fd8b0,0x00000000f3900000)
  to   space 26112K, 0% used [0x00000000f0d80000,0x00000000f0d80000,0x00000000f2700000)
 ParOldGen       total 84992K, used 64937K [0x00000000a0000000, 0x00000000a5300000, 0x00000000e0000000)
  object space 84992K, 76% used [0x00000000a0000000,0x00000000a3f6a6f0,0x00000000a5300000)
 Metaspace       used 64582K, capacity 67470K, committed 67584K, reserved 1107968K
  class space    used 8566K, capacity 9179K, committed 9216K, reserved 1048576K
}
Event: 1950.838 GC heap before
{Heap before GC invocations=22 (full 5):
 PSYoungGen      total 294400K, used 294390K [0x00000000e0000000, 0x00000000f4280000, 0x0000000100000000)
  eden space 275968K, 100% used [0x00000000e0000000,0x00000000f0d80000,0x00000000f0d80000)
  from space 18432K, 99% used [0x00000000f2700000,0x00000000f38fd8b0,0x00000000f3900000)
  to   space 26112K, 0% used [0x00000000f0d80000,0x00000000f0d80000,0x00000000f2700000)
 ParOldGen       total 84992K, used 64937K [0x00000000a0000000, 0x00000000a5300000, 0x00000000e0000000)
  object space 84992K, 76% used [0x00000000a0000000,0x00000000a3f6a6f0,0x00000000a5300000)
 Metaspace       used 64875K, capacity 67932K, committed 68224K, reserved 1107968K
  class space    used 8594K, capacity 9234K, committed 9344K, reserved 1048576K
Event: 1950.956 GC heap after
Heap after GC invocations=22 (full 5):
 PSYoungGen      total 302080K, used 10984K [0x00000000e0000000, 0x00000000fa480000, 0x0000000100000000)
  eden space 275968K, 0% used [0x00000000e0000000,0x00000000e0000000,0x00000000f0d80000)
  from space 26112K, 42% used [0x00000000f0d80000,0x00000000f183a1b0,0x00000000f2700000)
  to   space 24576K, 0% used [0x00000000f8c80000,0x00000000f8c80000,0x00000000fa480000)
 ParOldGen       total 84992K, used 67881K [0x00000000a0000000, 0x00000000a5300000, 0x00000000e0000000)
  object space 84992K, 79% used [0x00000000a0000000,0x00000000a424a5b0,0x00000000a5300000)
 Metaspace       used 64875K, capacity 67932K, committed 68224K, reserved 1107968K
  class space    used 8594K, capacity 9234K, committed 9344K, reserved 1048576K
}
Event: 1980.041 GC heap before
{Heap before GC invocations=23 (full 5):
 PSYoungGen      total 302080K, used 286952K [0x00000000e0000000, 0x00000000fa480000, 0x0000000100000000)
  eden space 275968K, 100% used [0x00000000e0000000,0x00000000f0d80000,0x00000000f0d80000)
  from space 26112K, 42% used [0x00000000f0d80000,0x00000000f183a1b0,0x00000000f2700000)
  to   space 24576K, 0% used [0x00000000f8c80000,0x00000000f8c80000,0x00000000fa480000)
 ParOldGen       total 84992K, used 67881K [0x00000000a0000000, 0x00000000a5300000, 0x00000000e0000000)
  object space 84992K, 79% used [0x00000000a0000000,0x00000000a424a5b0,0x00000000a5300000)
 Metaspace       used 73408K, capacity 76576K, committed 76800K, reserved 1116160K
  class space    used 9522K, capacity 10168K, committed 10240K, reserved 1048576K
Event: 1980.131 GC heap after
Heap after GC invocations=23 (full 5):
 PSYoungGen      total 398848K, used 24556K [0x00000000e0000000, 0x00000000fac80000, 0x0000000100000000)
  eden space 374272K, 0% used [0x00000000e0000000,0x00000000e0000000,0x00000000f6d80000)
  from space 24576K, 99% used [0x00000000f8c80000,0x00000000fa47b218,0x00000000fa480000)
  to   space 31744K, 0% used [0x00000000f6d80000,0x00000000f6d80000,0x00000000f8c80000)
 ParOldGen       total 84992K, used 76909K [0x00000000a0000000, 0x00000000a5300000, 0x00000000e0000000)
  object space 84992K, 90% used [0x00000000a0000000,0x00000000a4b1b690,0x00000000a5300000)
 Metaspace       used 73408K, capacity 76576K, committed 76800K, reserved 1116160K
  class space    used 9522K, capacity 10168K, committed 10240K, reserved 1048576K
}
Event: 1980.131 GC heap before
{Heap before GC invocations=24 (full 6):
 PSYoungGen      total 398848K, used 24556K [0x00000000e0000000, 0x00000000fac80000, 0x0000000100000000)
  eden space 374272K, 0% used [0x00000000e0000000,0x00000000e0000000,0x00000000f6d80000)
  from space 24576K, 99% used [0x00000000f8c80000,0x00000000fa47b218,0x00000000fa480000)
  to   space 31744K, 0% used [0x00000000f6d80000,0x00000000f6d80000,0x00000000f8c80000)
 ParOldGen       total 84992K, used 76909K [0x00000000a0000000, 0x00000000a5300000, 0x00000000e0000000)
  object space 84992K, 90% used [0x00000000a0000000,0x00000000a4b1b690,0x00000000a5300000)
 Metaspace       used 73408K, capacity 76576K, committed 76800K, reserved 1116160K
  class space    used 9522K, capacity 10168K, committed 10240K, reserved 1048576K
Event: 1982.645 GC heap after
Heap after GC invocations=24 (full 6):
 PSYoungGen      total 398848K, used 0K [0x00000000e0000000, 0x00000000fac80000, 0x0000000100000000)
  eden space 374272K, 0% used [0x00000000e0000000,0x00000000e0000000,0x00000000f6d80000)
  from space 24576K, 0% used [0x00000000f8c80000,0x00000000f8c80000,0x00000000fa480000)
  to   space 31744K, 0% used [0x00000000f6d80000,0x00000000f6d80000,0x00000000f8c80000)
 ParOldGen       total 117248K, used 74281K [0x00000000a0000000, 0x00000000a7280000, 0x00000000e0000000)
  object space 117248K, 63% used [0x00000000a0000000,0x00000000a488a790,0x00000000a7280000)
 Metaspace       used 71331K, capacity 74056K, committed 76800K, reserved 1116160K
  class space    used 9247K, capacity 9764K, committed 10240K, reserved 1048576K
}
Event: 1984.735 GC heap before
{Heap before GC invocations=25 (full 6):
 PSYoungGen      total 398848K, used 374272K [0x00000000e0000000, 0x00000000fac80000, 0x0000000100000000)
  eden space 374272K, 100% used [0x00000000e0000000,0x00000000f6d80000,0x00000000f6d80000)
  from space 24576K, 0% used [0x00000000f8c80000,0x00000000f8c80000,0x00000000fa480000)
  to   space 31744K, 0% used [0x00000000f6d80000,0x00000000f6d80000,0x00000000f8c80000)
 ParOldGen       total 117248K, used 74281K [0x00000000a0000000, 0x00000000a7280000, 0x00000000e0000000)
  object space 117248K, 63% used [0x00000000a0000000,0x00000000a488a790,0x00000000a7280000)
 Metaspace       used 71544K, capacity 74248K, committed 76800K, reserved 1116160K
  class space    used 9248K, capacity 9764K, committed 10240K, reserved 1048576K
Event: 1984.953 GC heap after
Heap after GC invocations=25 (full 6):
 PSYoungGen      total 406016K, used 31741K [0x00000000e0000000, 0x0000000100000000, 0x0000000100000000)
  eden space 374272K, 0% used [0x00000000e0000000,0x00000000e0000000,0x00000000f6d80000)
  from space 31744K, 99% used [0x00000000f6d80000,0x00000000f8c7f540,0x00000000f8c80000)
  to   space 41472K, 0% used [0x00000000fd780000,0x00000000fd780000,0x0000000100000000)
 ParOldGen       total 117248K, used 87616K [0x00000000a0000000, 0x00000000a7280000, 0x00000000e0000000)
  object space 117248K, 74% used [0x00000000a0000000,0x00000000a55903f8,0x00000000a7280000)
 Metaspace       used 71544K, capacity 74248K, committed 76800K, reserved 1116160K
  class space    used 9248K, capacity 9764K, committed 10240K, reserved 1048576K
}
Event: 1987.966 GC heap before
{Heap before GC invocations=26 (full 6):
 PSYoungGen      total 406016K, used 406013K [0x00000000e0000000, 0x0000000100000000, 0x0000000100000000)
  eden space 374272K, 100% used [0x00000000e0000000,0x00000000f6d80000,0x00000000f6d80000)
  from space 31744K, 99% used [0x00000000f6d80000,0x00000000f8c7f540,0x00000000f8c80000)
  to   space 41472K, 0% used [0x00000000fd780000,0x00000000fd780000,0x0000000100000000)
 ParOldGen       total 117248K, used 87616K [0x00000000a0000000, 0x00000000a7280000, 0x00000000e0000000)
  object space 117248K, 74% used [0x00000000a0000000,0x00000000a55903f8,0x00000000a7280000)
 Metaspace       used 71625K, capacity 74312K, committed 76800K, reserved 1116160K
  class space    used 9249K, capacity 9764K, committed 10240K, reserved 1048576K

